<?xml version="1.0" encoding="UTF-8"?>
<testsuite name="com.winter.api.provider.ProviderApplicationTests" tests="1" skipped="0" failures="0" errors="0" timestamp="2019-02-28T16:34:33" hostname="songxiaoxiaodeMacBook-Pro.local" time="0.15">
  <properties/>
  <testcase name="contextLoads" classname="com.winter.api.provider.ProviderApplicationTests" time="0.15"/>
  <system-out><![CDATA[00:34:32.062 [Test worker] DEBUG org.springframework.test.context.junit4.SpringJUnit4ClassRunner - SpringJUnit4ClassRunner constructor called with [class com.winter.api.provider.ProviderApplicationTests]
00:34:32.068 [Test worker] DEBUG org.springframework.test.context.BootstrapUtils - Instantiating CacheAwareContextLoaderDelegate from class [org.springframework.test.context.cache.DefaultCacheAwareContextLoaderDelegate]
00:34:32.076 [Test worker] DEBUG org.springframework.test.context.BootstrapUtils - Instantiating BootstrapContext using constructor [public org.springframework.test.context.support.DefaultBootstrapContext(java.lang.Class,org.springframework.test.context.CacheAwareContextLoaderDelegate)]
00:34:32.093 [Test worker] DEBUG org.springframework.test.context.BootstrapUtils - Instantiating TestContextBootstrapper for test class [com.winter.api.provider.ProviderApplicationTests] from class [org.springframework.boot.test.context.SpringBootTestContextBootstrapper]
00:34:32.104 [Test worker] INFO org.springframework.boot.test.context.SpringBootTestContextBootstrapper - Neither @ContextConfiguration nor @ContextHierarchy found for test class [com.winter.api.provider.ProviderApplicationTests], using SpringBootContextLoader
00:34:32.107 [Test worker] DEBUG org.springframework.test.context.support.AbstractContextLoader - Did not detect default resource location for test class [com.winter.api.provider.ProviderApplicationTests]: class path resource [com/winter/api/provider/ProviderApplicationTests-context.xml] does not exist
00:34:32.108 [Test worker] DEBUG org.springframework.test.context.support.AbstractContextLoader - Did not detect default resource location for test class [com.winter.api.provider.ProviderApplicationTests]: class path resource [com/winter/api/provider/ProviderApplicationTestsContext.groovy] does not exist
00:34:32.108 [Test worker] INFO org.springframework.test.context.support.AbstractContextLoader - Could not detect default resource locations for test class [com.winter.api.provider.ProviderApplicationTests]: no resource found for suffixes {-context.xml, Context.groovy}.
00:34:32.108 [Test worker] INFO org.springframework.test.context.support.AnnotationConfigContextLoaderUtils - Could not detect default configuration classes for test class [com.winter.api.provider.ProviderApplicationTests]: ProviderApplicationTests does not declare any static, non-private, non-final, nested classes annotated with @Configuration.
00:34:32.143 [Test worker] DEBUG org.springframework.test.context.support.ActiveProfilesUtils - Could not find an 'annotation declaring class' for annotation type [org.springframework.test.context.ActiveProfiles] and class [com.winter.api.provider.ProviderApplicationTests]
00:34:32.213 [Test worker] DEBUG org.springframework.context.annotation.ClassPathScanningCandidateComponentProvider - Identified candidate component class: file [/Users/winter/work/code/java/dubbo_demo/dubbo-api/build/classes/java/main/com/winter/api/provider/ProviderApplication.class]
00:34:32.215 [Test worker] INFO org.springframework.boot.test.context.SpringBootTestContextBootstrapper - Found @SpringBootConfiguration com.winter.api.provider.ProviderApplication for test class com.winter.api.provider.ProviderApplicationTests
00:34:32.294 [Test worker] DEBUG org.springframework.boot.test.context.SpringBootTestContextBootstrapper - @TestExecutionListeners is not present for class [com.winter.api.provider.ProviderApplicationTests]: using defaults.
00:34:32.294 [Test worker] INFO org.springframework.boot.test.context.SpringBootTestContextBootstrapper - Loaded default TestExecutionListener class names from location [META-INF/spring.factories]: [org.springframework.boot.test.autoconfigure.restdocs.RestDocsTestExecutionListener, org.springframework.boot.test.autoconfigure.web.client.MockRestServiceServerResetTestExecutionListener, org.springframework.boot.test.autoconfigure.web.servlet.MockMvcPrintOnlyOnFailureTestExecutionListener, org.springframework.boot.test.autoconfigure.web.servlet.WebDriverTestExecutionListener, org.springframework.boot.test.mock.mockito.MockitoTestExecutionListener, org.springframework.boot.test.mock.mockito.ResetMocksTestExecutionListener, org.springframework.test.context.web.ServletTestExecutionListener, org.springframework.test.context.support.DirtiesContextBeforeModesTestExecutionListener, org.springframework.test.context.support.DependencyInjectionTestExecutionListener, org.springframework.test.context.support.DirtiesContextTestExecutionListener, org.springframework.test.context.transaction.TransactionalTestExecutionListener, org.springframework.test.context.jdbc.SqlScriptsTestExecutionListener]
00:34:32.301 [Test worker] DEBUG org.springframework.boot.test.context.SpringBootTestContextBootstrapper - Skipping candidate TestExecutionListener [org.springframework.test.context.web.ServletTestExecutionListener] due to a missing dependency. Specify custom listener classes or make the default listener classes and their required dependencies available. Offending class: [javax/servlet/ServletContext]
00:34:32.302 [Test worker] DEBUG org.springframework.boot.test.context.SpringBootTestContextBootstrapper - Skipping candidate TestExecutionListener [org.springframework.test.context.transaction.TransactionalTestExecutionListener] due to a missing dependency. Specify custom listener classes or make the default listener classes and their required dependencies available. Offending class: [org/springframework/transaction/interceptor/TransactionAttributeSource]
00:34:32.303 [Test worker] DEBUG org.springframework.boot.test.context.SpringBootTestContextBootstrapper - Skipping candidate TestExecutionListener [org.springframework.test.context.jdbc.SqlScriptsTestExecutionListener] due to a missing dependency. Specify custom listener classes or make the default listener classes and their required dependencies available. Offending class: [org/springframework/transaction/interceptor/TransactionAttribute]
00:34:32.303 [Test worker] INFO org.springframework.boot.test.context.SpringBootTestContextBootstrapper - Using TestExecutionListeners: [org.springframework.test.context.support.DirtiesContextBeforeModesTestExecutionListener@57aaaf02, org.springframework.boot.test.mock.mockito.MockitoTestExecutionListener@3d7baa2a, org.springframework.boot.test.autoconfigure.SpringBootDependencyInjectionTestExecutionListener@900ac9e, org.springframework.test.context.support.DirtiesContextTestExecutionListener@461cebd4, org.springframework.boot.test.autoconfigure.restdocs.RestDocsTestExecutionListener@444c8eaa, org.springframework.boot.test.autoconfigure.web.client.MockRestServiceServerResetTestExecutionListener@248646f3, org.springframework.boot.test.autoconfigure.web.servlet.MockMvcPrintOnlyOnFailureTestExecutionListener@286e7aa1, org.springframework.boot.test.autoconfigure.web.servlet.WebDriverTestExecutionListener@98d6633, org.springframework.boot.test.mock.mockito.ResetMocksTestExecutionListener@29148076]
00:34:32.306 [Test worker] DEBUG org.springframework.test.annotation.ProfileValueUtils - Retrieved @ProfileValueSourceConfiguration [null] for test class [com.winter.api.provider.ProviderApplicationTests]
00:34:32.306 [Test worker] DEBUG org.springframework.test.annotation.ProfileValueUtils - Retrieved ProfileValueSource type [class org.springframework.test.annotation.SystemProfileValueSource] for class [com.winter.api.provider.ProviderApplicationTests]
00:34:32.307 [Test worker] DEBUG org.springframework.test.annotation.ProfileValueUtils - Retrieved @ProfileValueSourceConfiguration [null] for test class [com.winter.api.provider.ProviderApplicationTests]
00:34:32.308 [Test worker] DEBUG org.springframework.test.annotation.ProfileValueUtils - Retrieved ProfileValueSource type [class org.springframework.test.annotation.SystemProfileValueSource] for class [com.winter.api.provider.ProviderApplicationTests]
00:34:32.313 [Test worker] DEBUG org.springframework.test.context.support.AbstractDirtiesContextTestExecutionListener - Before test class: context [DefaultTestContext@219c17a7 testClass = ProviderApplicationTests, testInstance = [null], testMethod = [null], testException = [null], mergedContextConfiguration = [MergedContextConfiguration@685a8a20 testClass = ProviderApplicationTests, locations = '{}', classes = '{class com.winter.api.provider.ProviderApplication}', contextInitializerClasses = '[]', activeProfiles = '{}', propertySourceLocations = '{}', propertySourceProperties = '{org.springframework.boot.test.context.SpringBootTestContextBootstrapper=true}', contextCustomizers = set[org.springframework.boot.test.autoconfigure.properties.PropertyMappingContextCustomizer@0, org.springframework.boot.test.autoconfigure.web.servlet.WebDriverContextCustomizerFactory$Customizer@7d4105a3, org.springframework.boot.test.context.filter.ExcludeFilterContextCustomizer@826f38a, org.springframework.boot.test.json.DuplicateJsonObjectContextCustomizerFactory$DuplicateJsonObjectContextCustomizer@3aa004dc, org.springframework.boot.test.mock.mockito.MockitoContextCustomizer@0, org.springframework.boot.test.web.client.TestRestTemplateContextCustomizer@41d469cf], contextLoader = 'org.springframework.boot.test.context.SpringBootContextLoader', parent = [null]], attributes = map[[empty]]], class annotated with @DirtiesContext [false] with mode [null].
00:34:32.314 [Test worker] DEBUG org.springframework.test.annotation.ProfileValueUtils - Retrieved @ProfileValueSourceConfiguration [null] for test class [com.winter.api.provider.ProviderApplicationTests]
00:34:32.314 [Test worker] DEBUG org.springframework.test.annotation.ProfileValueUtils - Retrieved ProfileValueSource type [class org.springframework.test.annotation.SystemProfileValueSource] for class [com.winter.api.provider.ProviderApplicationTests]
00:34:32.318 [Test worker] DEBUG org.springframework.test.context.support.DependencyInjectionTestExecutionListener - Performing dependency injection for test context [[DefaultTestContext@219c17a7 testClass = ProviderApplicationTests, testInstance = com.winter.api.provider.ProviderApplicationTests@295fb1fe, testMethod = [null], testException = [null], mergedContextConfiguration = [MergedContextConfiguration@685a8a20 testClass = ProviderApplicationTests, locations = '{}', classes = '{class com.winter.api.provider.ProviderApplication}', contextInitializerClasses = '[]', activeProfiles = '{}', propertySourceLocations = '{}', propertySourceProperties = '{org.springframework.boot.test.context.SpringBootTestContextBootstrapper=true}', contextCustomizers = set[org.springframework.boot.test.autoconfigure.properties.PropertyMappingContextCustomizer@0, org.springframework.boot.test.autoconfigure.web.servlet.WebDriverContextCustomizerFactory$Customizer@7d4105a3, org.springframework.boot.test.context.filter.ExcludeFilterContextCustomizer@826f38a, org.springframework.boot.test.json.DuplicateJsonObjectContextCustomizerFactory$DuplicateJsonObjectContextCustomizer@3aa004dc, org.springframework.boot.test.mock.mockito.MockitoContextCustomizer@0, org.springframework.boot.test.web.client.TestRestTemplateContextCustomizer@41d469cf], contextLoader = 'org.springframework.boot.test.context.SpringBootContextLoader', parent = [null]], attributes = map[[empty]]]].
00:34:32.335 [Test worker] DEBUG org.springframework.test.context.support.TestPropertySourceUtils - Adding inlined properties to environment: {spring.jmx.enabled=false, org.springframework.boot.test.context.SpringBootTestContextBootstrapper=true, server.port=-1}

  .   ____          _            __ _ _
 /\\ / ___'_ __ _ _(_)_ __  __ _ \ \ \ \
( ( )\___ | '_ | '_| | '_ \/ _` | \ \ \ \
 \\/  ___)| |_)| | | | | || (_| |  ) ) ) )
  '  |____| .__|_| |_|_| |_\__, | / / / /
 =========|_|==============|___/=/_/_/_/
 :: Spring Boot ::        (v2.1.3.RELEASE)

2019-03-01 00:34:32.719  INFO 87375 --- [    Test worker] c.w.a.provider.ProviderApplicationTests  : Starting ProviderApplicationTests on songxiaoxiaodeMacBook-Pro.local with PID 87375 (started by winter in /Users/winter/work/code/java/dubbo_demo/dubbo-api)
2019-03-01 00:34:32.721  INFO 87375 --- [    Test worker] c.w.a.provider.ProviderApplicationTests  : No active profile set, falling back to default profiles: default
2019-03-01 00:34:33.099  INFO 87375 --- [    Test worker] c.w.a.provider.ProviderApplicationTests  : Started ProviderApplicationTests in 0.762 seconds (JVM running for 1.594)
]]></system-out>
  <system-err><![CDATA[]]></system-err>
</testsuite>
